{
  "RSpec": {
    "coverage": {
      "/home/mhaefling/Code/Projects/binge/Binge-BE/app/controllers/api/v1/users_controller.rb": {
        "lines": [
          1,
          1,
          1,
          1,
          null,
          null,
          1,
          null,
          1,
          1,
          null,
          null
        ]
      },
      "/home/mhaefling/Code/Projects/binge/Binge-BE/app/controllers/application_controller.rb": {
        "lines": [
          1,
          null
        ]
      },
      "/home/mhaefling/Code/Projects/binge/Binge-BE/app/models/user.rb": {
        "lines": [
          1,
          1,
          1,
          null,
          null,
          1,
          1,
          null,
          null,
          null,
          null,
          null,
          null,
          null,
          null
        ]
      },
      "/home/mhaefling/Code/Projects/binge/Binge-BE/app/models/application_record.rb": {
        "lines": [
          1,
          1,
          null
        ]
      },
      "/home/mhaefling/Code/Projects/binge/Binge-BE/app/serializers/user_serializer.rb": {
        "lines": [
          1,
          1,
          1,
          null,
          null
        ]
      }
    },
    "timestamp": 1751397992
  }
}
